<?xml version="1.0" encoding="UTF-8"?>
<!-- Generated by org.testng.reporters.JUnitXMLReporter -->
<testsuite ignored="1" hostname="BOND" failures="0" tests="1" name="Testsalesforce" time="23.006" errors="0" timestamp="28 Sep 2019 17:33:44 GMT">
  <testcase classname="com.salesforce_Test_case.salesforce_Testcase" name="Reading_xlsx_files" time="9.91"/>
  <testcase classname="com.salesforce_Test_base.salesforce_login_testbase" name="@AfterSuite writeToExtentReport" time="0.0">
    <ignored/>
  </testcase> <!-- @AfterSuite writeToExtentReport -->
</testsuite> <!-- Testsalesforce -->
